/home/elvinzhu/miniconda3/envs/527env/lib/python3.9/site-packages/gym/logger.py:34: UserWarning: [33mWARN: Box bound precision lowered by casting to float16[0m
  warnings.warn(colorize("%s: %s" % ("WARN", msg % args), "yellow"))
<__array_function__ internals>:5: VisibleDeprecationWarning: Creating an ndarray from ragged nested sequences (which is a list-or-tuple of lists-or-tuples-or ndarrays with different lengths or shapes) is deprecated. If you meant to do this, you must specify 'dtype=object' when creating the ndarray.
pygame 2.0.1 (SDL 2.0.14, Python 3.9.7)
Hello from the pygame community. https://www.pygame.org/contribute.html
cuda:0
cuda:0
episode:  0 score:  -80.0  average score -80.0 best score -inf epsilon 1.00 steps 286 time 11.692059516906738
episode:  1 score:  -80.0  average score -80.0 best score -80.00 epsilon 1.00 steps 536 time 11.49948787689209
episode:  2 score:  -100.0  average score -86.7 best score -80.00 epsilon 0.99 steps 730 time 8.54104733467102
episode:  3 score:  -60.0  average score -80.0 best score -80.00 epsilon 0.99 steps 902 time 8.0131254196167
episode:  4 score:  40.0  average score -56.0 best score -80.00 epsilon 0.99 steps 1076 time 7.8924360275268555
episode:  5 score:  -70.0  average score -58.3 best score -56.00 epsilon 0.99 steps 1304 time 10.17249083518982
episode:  6 score:  -20.0  average score -52.9 best score -56.00 epsilon 0.99 steps 1425 time 5.553586959838867
episode:  7 score:  -50.0  average score -52.5 best score -52.86 epsilon 0.98 steps 1591 time 7.531025409698486
episode:  8 score:  40.0  average score -42.2 best score -52.50 epsilon 0.98 steps 1812 time 9.868956565856934
episode:  9 score:  -80.0  average score -46.0 best score -42.22 epsilon 0.98 steps 2013 time 9.309316396713257
episode:  10 score:  -20.0  average score -43.6 best score -42.22 epsilon 0.98 steps 2179 time 7.625929117202759
... saving checkpoint ...
... saving checkpoint ...
episode:  11 score:  -20.0  average score -41.7 best score -42.22 epsilon 0.98 steps 2367 time 8.264942407608032
episode:  12 score:  -50.0  average score -42.3 best score -41.67 epsilon 0.98 steps 2505 time 5.834386110305786
episode:  13 score:  20.0  average score -37.9 best score -41.67 epsilon 0.97 steps 2782 time 11.85470700263977
episode:  14 score:  -80.0  average score -40.7 best score -37.86 epsilon 0.97 steps 2897 time 4.986555814743042
episode:  15 score:  -70.0  average score -42.5 best score -37.86 epsilon 0.97 steps 3111 time 9.263634443283081
episode:  16 score:  40.0  average score -37.6 best score -37.86 epsilon 0.97 steps 3405 time 13.387770891189575
episode:  17 score:  -20.0  average score -36.7 best score -37.65 epsilon 0.97 steps 3507 time 4.526273012161255
episode:  18 score:  -30.0  average score -36.3 best score -36.67 epsilon 0.96 steps 3723 time 9.843531847000122
episode:  19 score:  -80.0  average score -38.5 best score -36.32 epsilon 0.96 steps 3899 time 7.811148166656494
episode:  20 score:  -50.0  average score -39.0 best score -36.32 epsilon 0.96 steps 4182 time 12.254695177078247
episode:  21 score:  30.0  average score -35.9 best score -36.32 epsilon 0.95 steps 4731 time 22.609957695007324
episode:  22 score:  -50.0  average score -36.5 best score -35.91 epsilon 0.95 steps 5109 time 15.74225640296936
episode:  23 score:  20.0  average score -34.2 best score -35.91 epsilon 0.95 steps 5277 time 6.919950246810913
episode:  24 score:  30.0  average score -31.6 best score -34.17 epsilon 0.95 steps 5563 time 11.823420524597168
episode:  25 score:  -60.0  average score -32.7 best score -31.60 epsilon 0.94 steps 5806 time 10.102871417999268
episode:  26 score:  -20.0  average score -32.2 best score -31.60 epsilon 0.94 steps 5970 time 6.806483745574951
episode:  27 score:  -20.0  average score -31.8 best score -31.60 epsilon 0.94 steps 6164 time 8.02998948097229
episode:  28 score:  -80.0  average score -33.4 best score -31.60 epsilon 0.94 steps 6415 time 10.41709041595459
episode:  29 score:  -60.0  average score -34.3 best score -31.60 epsilon 0.93 steps 6586 time 7.172874450683594
episode:  30 score:  -80.0  average score -35.8 best score -31.60 epsilon 0.93 steps 6758 time 7.086688041687012
episode:  31 score:  -80.0  average score -37.2 best score -31.60 epsilon 0.93 steps 6929 time 7.030699253082275
episode:  32 score:  60.0  average score -34.2 best score -31.60 epsilon 0.93 steps 7254 time 13.460472106933594
episode:  33 score:  -80.0  average score -35.6 best score -31.60 epsilon 0.93 steps 7497 time 10.111572027206421
episode:  34 score:  30.0  average score -33.7 best score -31.60 epsilon 0.92 steps 7618 time 4.966201305389404
episode:  35 score:  110.0  average score -29.7 best score -31.60 epsilon 0.92 steps 7796 time 8.56987714767456
episode:  36 score:  -70.0  average score -30.8 best score -29.72 epsilon 0.92 steps 7973 time 9.957104921340942
episode:  37 score:  50.0  average score -28.7 best score -29.72 epsilon 0.92 steps 8331 time 19.645021677017212
episode:  38 score:  -60.0  average score -29.5 best score -28.68 epsilon 0.91 steps 8579 time 13.847667932510376
episode:  39 score:  40.0  average score -27.8 best score -28.68 epsilon 0.91 steps 8810 time 13.065902709960938
episode:  40 score:  -50.0  average score -28.3 best score -27.75 epsilon 0.91 steps 9022 time 11.720312595367432
episode:  41 score:  60.0  average score -26.2 best score -27.75 epsilon 0.91 steps 9206 time 9.904226303100586
episode:  42 score:  80.0  average score -23.7 best score -26.19 epsilon 0.91 steps 9562 time 17.72053337097168
episode:  43 score:  50.0  average score -22.0 best score -23.72 epsilon 0.90 steps 9894 time 16.60790777206421
episode:  44 score:  40.0  average score -20.7 best score -22.05 epsilon 0.90 steps 10123 time 11.157058477401733
episode:  45 score:  40.0  average score -19.3 best score -20.67 epsilon 0.90 steps 10367 time 11.933377981185913
episode:  46 score:  -20.0  average score -19.4 best score -19.35 epsilon 0.89 steps 10587 time 11.423065185546875
episode:  47 score:  -80.0  average score -20.6 best score -19.35 epsilon 0.89 steps 10824 time 12.832838535308838
episode:  48 score:  -50.0  average score -21.2 best score -19.35 epsilon 0.89 steps 11096 time 14.687767267227173
episode:  49 score:  30.0  average score -20.2 best score -19.35 epsilon 0.89 steps 11242 time 8.224643468856812
episode:  50 score:  -80.0  average score -21.4 best score -19.35 epsilon 0.89 steps 11432 time 10.559248685836792
episode:  51 score:  60.0  average score -19.8 best score -19.35 epsilon 0.88 steps 11570 time 7.572339773178101
episode:  52 score:  -20.0  average score -19.8 best score -19.35 epsilon 0.88 steps 11726 time 8.715215921401978
episode:  53 score:  -60.0  average score -20.6 best score -19.35 epsilon 0.88 steps 12038 time 16.388197660446167
episode:  54 score:  -70.0  average score -21.5 best score -19.35 epsilon 0.88 steps 12167 time 7.0571229457855225
episode:  55 score:  60.0  average score -20.0 best score -19.35 epsilon 0.87 steps 12672 time 28.044397354125977
episode:  56 score:  -110.0  average score -21.6 best score -19.35 epsilon 0.87 steps 12918 time 13.538745164871216
episode:  57 score:  -20.0  average score -21.6 best score -19.35 epsilon 0.87 steps 13202 time 16.175835847854614
episode:  58 score:  -50.0  average score -22.0 best score -19.35 epsilon 0.87 steps 13414 time 11.699236869812012
episode:  59 score:  30.0  average score -21.2 best score -19.35 epsilon 0.86 steps 13629 time 11.921573162078857
episode:  60 score:  -50.0  average score -21.6 best score -19.35 epsilon 0.86 steps 13872 time 13.456730127334595
episode:  61 score:  -40.0  average score -21.9 best score -19.35 epsilon 0.86 steps 14456 time 31.982458353042603
episode:  62 score:  50.0  average score -20.8 best score -19.35 epsilon 0.85 steps 14618 time 8.696878910064697
episode:  63 score:  -30.0  average score -20.9 best score -19.35 epsilon 0.85 steps 14825 time 11.259160995483398
episode:  64 score:  40.0  average score -20.0 best score -19.35 epsilon 0.85 steps 15043 time 11.867309331893921
episode:  65 score:  -110.0  average score -21.4 best score -19.35 epsilon 0.85 steps 15245 time 11.096842765808105
episode:  66 score:  -70.0  average score -22.1 best score -19.35 epsilon 0.85 steps 15434 time 10.241722583770752
episode:  67 score:  -60.0  average score -22.6 best score -19.35 epsilon 0.84 steps 15599 time 9.016492128372192
episode:  68 score:  -50.0  average score -23.0 best score -19.35 epsilon 0.84 steps 15824 time 11.937576055526733
episode:  69 score:  -80.0  average score -23.9 best score -19.35 epsilon 0.84 steps 15956 time 7.289521932601929
episode:  70 score:  60.0  average score -22.7 best score -19.35 epsilon 0.84 steps 