
Bad key savefig.frameon in file /home/haomingh/miniconda3/envs/shooter/lib/python3.9/site-packages/matplotlib/mpl-data/stylelib/_classic_test.mplstyle, line 421 ('savefig.frameon : True')
You probably need to get an updated matplotlibrc file from
https://github.com/matplotlib/matplotlib/blob/v3.4.3/matplotlibrc.template
or from the matplotlib source distribution

Bad key verbose.level in file /home/haomingh/miniconda3/envs/shooter/lib/python3.9/site-packages/matplotlib/mpl-data/stylelib/_classic_test.mplstyle, line 472 ('verbose.level  : silent      # one of silent, helpful, debug, debug-annoying')
You probably need to get an updated matplotlibrc file from
https://github.com/matplotlib/matplotlib/blob/v3.4.3/matplotlibrc.template
or from the matplotlib source distribution

Bad key verbose.fileo in file /home/haomingh/miniconda3/envs/shooter/lib/python3.9/site-packages/matplotlib/mpl-data/stylelib/_classic_test.mplstyle, line 473 ('verbose.fileo  : sys.stdout  # a log filename, sys.stdout or sys.stderr')
You probably need to get an updated matplotlibrc file from
https://github.com/matplotlib/matplotlib/blob/v3.4.3/matplotlibrc.template
or from the matplotlib source distribution
In /home/haomingh/miniconda3/envs/shooter/lib/python3.9/site-packages/matplotlib/mpl-data/stylelib/_classic_test.mplstyle: 
The text.latex.preview rcparam was deprecated in Matplotlib 3.3 and will be removed two minor releases later.
In /home/haomingh/miniconda3/envs/shooter/lib/python3.9/site-packages/matplotlib/mpl-data/stylelib/_classic_test.mplstyle: 
The mathtext.fallback_to_cm rcparam was deprecated in Matplotlib 3.3 and will be removed two minor releases later.
In /home/haomingh/miniconda3/envs/shooter/lib/python3.9/site-packages/matplotlib/mpl-data/stylelib/_classic_test.mplstyle: Support for setting the 'mathtext.fallback_to_cm' rcParam is deprecated since 3.3 and will be removed two minor releases later; use 'mathtext.fallback : 'cm' instead.
In /home/haomingh/miniconda3/envs/shooter/lib/python3.9/site-packages/matplotlib/mpl-data/stylelib/_classic_test.mplstyle: 
The validate_bool_maybe_none function was deprecated in Matplotlib 3.3 and will be removed two minor releases later.
In /home/haomingh/miniconda3/envs/shooter/lib/python3.9/site-packages/matplotlib/mpl-data/stylelib/_classic_test.mplstyle: 
The savefig.jpeg_quality rcparam was deprecated in Matplotlib 3.3 and will be removed two minor releases later.
In /home/haomingh/miniconda3/envs/shooter/lib/python3.9/site-packages/matplotlib/mpl-data/stylelib/_classic_test.mplstyle: 
The keymap.all_axes rcparam was deprecated in Matplotlib 3.3 and will be removed two minor releases later.
In /home/haomingh/miniconda3/envs/shooter/lib/python3.9/site-packages/matplotlib/mpl-data/stylelib/_classic_test.mplstyle: 
The animation.avconv_path rcparam was deprecated in Matplotlib 3.3 and will be removed two minor releases later.
In /home/haomingh/miniconda3/envs/shooter/lib/python3.9/site-packages/matplotlib/mpl-data/stylelib/_classic_test.mplstyle: 
The animation.avconv_args rcparam was deprecated in Matplotlib 3.3 and will be removed two minor releases later.
deep
pygame 2.0.2 (SDL 2.0.16, Python 3.9.7)
Hello from the pygame community. https://www.pygame.org/contribute.html
/home/haomingh/miniconda3/envs/shooter/lib/python3.9/site-packages/gym/logger.py:34: UserWarning: [33mWARN: Box bound precision lowered by casting to float16[0m
  warnings.warn(colorize("%s: %s" % ("WARN", msg % args), "yellow"))
<__array_function__ internals>:5: VisibleDeprecationWarning: Creating an ndarray from ragged nested sequences (which is a list-or-tuple of lists-or-tuples-or ndarrays with different lengths or shapes) is deprecated. If you meant to do this, you must specify 'dtype=object' when creating the ndarray.
4
cuda:0
4
cuda:0
